2025-02-05 18:44:41 Loading main app package /tmp/.mount_ObsidiulV6ZU/resources/obsidian.asar
2025-02-05 18:44:41 Checking for update using Github
2025-02-05 18:44:42 Success.
2025-02-05 18:44:42 Latest version is 1.8.4
2025-02-05 18:44:42 App is up to date.
2025-02-05 18:49:23 Loading main app package /tmp/.mount_ObsidigF6mBL/resources/obsidian.asar
2025-02-05 18:49:23 Checking for update using Github
2025-02-05 18:49:23 Success.
2025-02-05 18:49:23 Latest version is 1.8.4
2025-02-05 18:49:23 App is up to date.
2025-02-05 18:50:17 Loading main app package /tmp/.mount_Obsidie9Remu/resources/obsidian.asar
2025-02-05 18:50:18 Checking for update using Github
2025-02-05 18:50:18 Success.
2025-02-05 18:50:18 Latest version is 1.8.4
2025-02-05 18:50:18 App is up to date.
2025-02-05 18:53:15 Loading main app package /tmp/.mount_ObsidiVp25Ry/resources/obsidian.asar
2025-02-05 18:53:15 Checking for update using Github
2025-02-05 18:53:15 Success.
2025-02-05 18:53:15 Latest version is 1.8.4
2025-02-05 18:53:15 App is up to date.
2025-02-05 19:53:15 Checking for update using Github
2025-02-05 19:53:15 Success.
2025-02-05 19:53:15 Latest version is 1.8.4
2025-02-05 19:53:15 App is up to date.
2025-02-05 20:53:15 Checking for update using Github
2025-02-05 20:53:15 Success.
2025-02-05 20:53:15 Latest version is 1.8.4
2025-02-05 20:53:15 App is up to date.
2025-02-05 21:53:15 Checking for update using Github
2025-02-05 21:53:15 Success.
2025-02-05 21:53:15 Latest version is 1.8.4
2025-02-05 21:53:15 App is up to date.
2025-02-06 13:45:18 Loading main app package /tmp/.mount_ObsidiqutYq0/resources/obsidian.asar
2025-02-06 13:45:20 Checking for update using Github
2025-02-06 13:45:21 Success.
2025-02-06 13:45:21 Latest version is 1.8.4
2025-02-06 13:45:21 App is up to date.
2025-02-06 14:45:18 Checking for update using Github
2025-02-06 14:45:19 Success.
2025-02-06 14:45:19 Latest version is 1.8.4
2025-02-06 14:45:19 App is up to date.
2025-02-06 15:45:19 Checking for update using Github
2025-02-06 15:45:19 Success.
2025-02-06 15:45:19 Latest version is 1.8.4
2025-02-06 15:45:19 App is up to date.
2025-02-06 16:45:19 Checking for update using Github
2025-02-06 16:45:19 Success.
2025-02-06 16:45:19 Latest version is 1.8.4
2025-02-06 16:45:19 App is up to date.
2025-02-06 17:45:19 Checking for update using Github
2025-02-06 17:45:19 Success.
2025-02-06 17:45:19 Latest version is 1.8.4
2025-02-06 17:45:19 App is up to date.
2025-02-06 18:45:19 Checking for update using Github
2025-02-06 18:45:19 Success.
2025-02-06 18:45:19 Latest version is 1.8.4
2025-02-06 18:45:19 App is up to date.
2025-02-06 19:45:19 Checking for update using Github
2025-02-06 19:45:20 Success.
2025-02-06 19:45:20 Latest version is 1.8.4
2025-02-06 19:45:20 App is up to date.
